<?xml version="1.0" encoding="UTF-8"?>
<!-- Generated by org.testng.reporters.JUnitReportReporter -->
<testsuite hostname="DESKTOP-FV3H1D7" failures="0" tests="4" name="com.testng.LoginMutualFund" time="37.372" errors="1" timestamp="2022-06-04T11:33:04 IST" skipped="3">
  <testcase classname="com.testng.LoginMutualFund" name="f" time="0.000">
    <skipped/>
  </testcase> <!-- f -->
  <system-out/>
  <testcase classname="com.testng.LoginMutualFund" name="beforeTest" time="37.372">
    <error message="session not created: This version of ChromeDriver only supports Chrome version 100
Current browser version is 102.0.5005.63 with binary path C:\Program Files (x86)\Google\Chrome\Application\chrome.exe
Build info: version: &#039;3.141.59&#039;, revision: &#039;e82be7d358&#039;, time: &#039;2018-11-14T08:17:03&#039;
System info: host: &#039;DESKTOP-FV3H1D7&#039;, ip: &#039;192.168.30.207&#039;, os.name: &#039;Windows 10&#039;, os.arch: &#039;amd64&#039;, os.version: &#039;10.0&#039;, java.version: &#039;17.0.1&#039;
Driver info: driver.version: ChromeDriver
remote stacktrace: Backtrace:
	Ordinal0 [0x00BA7413+2389011]
	Ordinal0 [0x00B39F61+1941345]
	Ordinal0 [0x00A2C658+837208]
	Ordinal0 [0x00A4C773+968563]
	Ordinal0 [0x00A4837A+951162]
	Ordinal0 [0x00A45C51+941137]
	Ordinal0 [0x00A78C80+1150080]
	Ordinal0 [0x00A788DA+1149146]
	Ordinal0 [0x00A73F66+1130342]
	Ordinal0 [0x00A4E546+976198]
	Ordinal0 [0x00A4F456+980054]
	GetHandleVerifier [0x00D59632+1727522]
	GetHandleVerifier [0x00E0BA4D+2457661]
	GetHandleVerifier [0x00C3EB81+569713]
	GetHandleVerifier [0x00C3DD76+566118]
	Ordinal0 [0x00B40B2B+1968939]
	Ordinal0 [0x00B45988+1989000]
	Ordinal0 [0x00B45A75+1989237]
	Ordinal0 [0x00B4ECB1+2026673]
	BaseThreadInitThunk [0x7790FA29+25]
	RtlGetAppContainerNamedObjectPath [0x77B57A7E+286]
	RtlGetAppContainerNamedObjectPath [0x77B57A4E+238]
" type="org.openqa.selenium.SessionNotCreatedException">
      <![CDATA[org.openqa.selenium.SessionNotCreatedException: session not created: This version of ChromeDriver only supports Chrome version 100
Current browser version is 102.0.5005.63 with binary path C:\Program Files (x86)\Google\Chrome\Application\chrome.exe
Build info: version: '3.141.59', revision: 'e82be7d358', time: '2018-11-14T08:17:03'
System info: host: 'DESKTOP-FV3H1D7', ip: '192.168.30.207', os.name: 'Windows 10', os.arch: 'amd64', os.version: '10.0', java.version: '17.0.1'
Driver info: driver.version: ChromeDriver
remote stacktrace: Backtrace:
Ordinal0 [0x00BA7413+2389011]
Ordinal0 [0x00B39F61+1941345]
Ordinal0 [0x00A2C658+837208]
Ordinal0 [0x00A4C773+968563]
Ordinal0 [0x00A4837A+951162]
Ordinal0 [0x00A45C51+941137]
Ordinal0 [0x00A78C80+1150080]
Ordinal0 [0x00A788DA+1149146]
Ordinal0 [0x00A73F66+1130342]
Ordinal0 [0x00A4E546+976198]
Ordinal0 [0x00A4F456+980054]
GetHandleVerifier [0x00D59632+1727522]
GetHandleVerifier [0x00E0BA4D+2457661]
GetHandleVerifier [0x00C3EB81+569713]
GetHandleVerifier [0x00C3DD76+566118]
Ordinal0 [0x00B40B2B+1968939]
Ordinal0 [0x00B45988+1989000]
Ordinal0 [0x00B45A75+1989237]
Ordinal0 [0x00B4ECB1+2026673]
BaseThreadInitThunk [0x7790FA29+25]
RtlGetAppContainerNamedObjectPath [0x77B57A7E+286]
RtlGetAppContainerNamedObjectPath [0x77B57A4E+238]

at java.base/jdk.internal.reflect.NativeConstructorAccessorImpl.newInstance0(Native Method)
at java.base/jdk.internal.reflect.NativeConstructorAccessorImpl.newInstance(NativeConstructorAccessorImpl.java:77)
at java.base/jdk.internal.reflect.DelegatingConstructorAccessorImpl.newInstance(DelegatingConstructorAccessorImpl.java:45)
at java.base/java.lang.reflect.Constructor.newInstanceWithCaller(Constructor.java:499)
at java.base/java.lang.reflect.Constructor.newInstance(Constructor.java:480)
at org.openqa.selenium.remote.W3CHandshakeResponse.lambda$errorHandler$0(W3CHandshakeResponse.java:62)
at org.openqa.selenium.remote.HandshakeResponse.lambda$getResponseFunction$0(HandshakeResponse.java:30)
at org.openqa.selenium.remote.ProtocolHandshake.lambda$createSession$0(ProtocolHandshake.java:126)
at java.base/java.util.stream.ReferencePipeline$3$1.accept(ReferencePipeline.java:197)
at java.base/java.util.Spliterators$ArraySpliterator.tryAdvance(Spliterators.java:1002)
at java.base/java.util.stream.ReferencePipeline.forEachWithCancel(ReferencePipeline.java:129)
at java.base/java.util.stream.AbstractPipeline.copyIntoWithCancel(AbstractPipeline.java:527)
at java.base/java.util.stream.AbstractPipeline.copyInto(AbstractPipeline.java:513)
at java.base/java.util.stream.AbstractPipeline.wrapAndCopyInto(AbstractPipeline.java:499)
at java.base/java.util.stream.FindOps$FindOp.evaluateSequential(FindOps.java:150)
at java.base/java.util.stream.AbstractPipeline.evaluate(AbstractPipeline.java:234)
at java.base/java.util.stream.ReferencePipeline.findFirst(ReferencePipeline.java:647)
at org.openqa.selenium.remote.ProtocolHandshake.createSession(ProtocolHandshake.java:128)
at org.openqa.selenium.remote.ProtocolHandshake.createSession(ProtocolHandshake.java:74)
at org.openqa.selenium.remote.HttpCommandExecutor.execute(HttpCommandExecutor.java:136)
at org.openqa.selenium.remote.service.DriverCommandExecutor.execute(DriverCommandExecutor.java:83)
at org.openqa.selenium.remote.RemoteWebDriver.execute(RemoteWebDriver.java:552)
at org.openqa.selenium.remote.RemoteWebDriver.startSession(RemoteWebDriver.java:213)
at org.openqa.selenium.remote.RemoteWebDriver.<init>(RemoteWebDriver.java:131)
at org.openqa.selenium.chrome.ChromeDriver.<init>(ChromeDriver.java:181)
at org.openqa.selenium.chrome.ChromeDriver.<init>(ChromeDriver.java:168)
at org.openqa.selenium.chrome.ChromeDriver.<init>(ChromeDriver.java:123)
at com.testng.LoginMutualFund.beforeTest(LoginMutualFund.java:15)
at java.base/jdk.internal.reflect.NativeMethodAccessorImpl.invoke0(Native Method)
at java.base/jdk.internal.reflect.NativeMethodAccessorImpl.invoke(NativeMethodAccessorImpl.java:77)
at java.base/jdk.internal.reflect.DelegatingMethodAccessorImpl.invoke(DelegatingMethodAccessorImpl.java:43)
at java.base/java.lang.reflect.Method.invoke(Method.java:568)
at org.testng.internal.MethodInvocationHelper.invokeMethod(MethodInvocationHelper.java:134)
at org.testng.internal.MethodInvocationHelper.invokeMethodConsideringTimeout(MethodInvocationHelper.java:63)
at org.testng.internal.ConfigInvoker.invokeConfigurationMethod(ConfigInvoker.java:348)
at org.testng.internal.ConfigInvoker.invokeConfigurations(ConfigInvoker.java:302)
at org.testng.TestRunner.invokeTestConfigurations(TestRunner.java:619)
at org.testng.TestRunner.beforeRun(TestRunner.java:609)
at org.testng.TestRunner.run(TestRunner.java:580)
at org.testng.SuiteRunner.runTest(SuiteRunner.java:384)
at org.testng.SuiteRunner.access$000(SuiteRunner.java:28)
at org.testng.SuiteRunner$SuiteWorker.run(SuiteRunner.java:425)
at org.testng.internal.thread.ThreadUtil.lambda$execute$0(ThreadUtil.java:68)
at java.base/java.util.concurrent.FutureTask.run(FutureTask.java:264)
at java.base/java.util.concurrent.ThreadPoolExecutor.runWorker(ThreadPoolExecutor.java:1136)
at java.base/java.util.concurrent.ThreadPoolExecutor$Worker.run(ThreadPoolExecutor.java:635)
at java.base/java.lang.Thread.run(Thread.java:833)
]]>
    </error>
  </testcase> <!-- beforeTest -->
  <system-out/>
  <testcase classname="com.testng.LoginMutualFund" name="LoginAdminUser" time="0.000">
    <skipped/>
  </testcase> <!-- LoginAdminUser -->
  <system-out/>
  <testcase classname="com.testng.LoginMutualFund" name="LoginAdminUser1" time="0.000">
    <skipped/>
  </testcase> <!-- LoginAdminUser1 -->
  <system-out/>
</testsuite> <!-- com.testng.LoginMutualFund -->
